<?xml version="1.0" ?><testsuite name="JUnit 5" tests="5" skipped="1" failures="0" errors="0" time="0.447" hostname="MacBook-Pro-de-ORTEGA.local" timestamp="2016-03-13T16:01:38"><!--Unique ID: junit5--><properties><property name="awt.toolkit" value="sun.lwawt.macosx.LWCToolkit"/><property name="file.encoding" value="UTF-8"/><property name="file.encoding.pkg" value="sun.io"/><property name="file.separator" value="/"/><property name="ftp.nonProxyHosts" value="local|*.local|169.254/16|*.169.254/16"/><property name="gopherProxySet" value="false"/><property name="http.nonProxyHosts" value="local|*.local|169.254/16|*.169.254/16"/><property name="java.awt.graphicsenv" value="sun.awt.CGraphicsEnvironment"/><property name="java.awt.printerjob" value="sun.lwawt.macosx.CPrinterJob"/><property name="java.class.path" value="/Users/ortegadiana/programacion/examples/ToDoListJUnit/build/classes/test:/Users/ortegadiana/programacion/examples/ToDoListJUnit/build/resources/test:/Users/ortegadiana/programacion/examples/ToDoListJUnit/build/classes/main:/Users/ortegadiana/programacion/examples/ToDoListJUnit/build/resources/main:/Users/ortegadiana/.gradle/caches/modules-2/files-2.1/org.mockito/mockito-core/2.0.44-beta/a917fa7dd8a37b4856da02d67ef37c975ef5559f/mockito-core-2.0.44-beta.jar:/Users/ortegadiana/.gradle/caches/modules-2/files-2.1/javax.jms/javax.jms-api/2.0.1/5faaa3864ff6025ce69809b60d65bda3e358610c/javax.jms-api-2.0.1.jar:/Users/ortegadiana/.gradle/caches/modules-2/files-2.1/org.slf4j/slf4j-api/1.7.18/b631d286463ced7cc42ee2171fe3beaed2836823/slf4j-api-1.7.18.jar:/Users/ortegadiana/.gradle/caches/modules-2/files-2.1/ch.qos.logback/logback-classic/1.1.6/665e3de72f19ec66ac67d82612d7b8e6b3de3cd0/logback-classic-1.1.6.jar:/Users/ortegadiana/.gradle/caches/modules-2/files-2.1/junit/junit/4.12/2973d150c0dc1fefe998f834810d68f278ea58ec/junit-4.12.jar:/Users/ortegadiana/.gradle/caches/modules-2/files-2.1/org.junit/junit5-api/5.0.0-ALPHA/f922c956d9554395fdaf08fbd332048fb824c7fc/junit5-api-5.0.0-ALPHA.jar:/Users/ortegadiana/.gradle/caches/modules-2/files-2.1/org.apache.logging.log4j/log4j-core/2.5/7ed845de1dfe070d43511fab321784e6c4118398/log4j-core-2.5.jar:/Users/ortegadiana/.gradle/caches/modules-2/files-2.1/org.apache.logging.log4j/log4j-jul/2.5/2c679bb8b6ec7e204615045c9943e6b4dbfd45ab/log4j-jul-2.5.jar:/Users/ortegadiana/.gradle/caches/modules-2/files-2.1/org.junit/junit-console/5.0.0-ALPHA/a9a7a85c0824599274ef0a8d8ec9322f6e0f004/junit-console-5.0.0-ALPHA.jar:/Users/ortegadiana/.gradle/caches/modules-2/files-2.1/org.junit/junit5-engine/5.0.0-ALPHA/ba25b68b3b58463f98b98dd8473c32c3f7b8824a/junit5-engine-5.0.0-ALPHA.jar:/Users/ortegadiana/.gradle/caches/modules-2/files-2.1/org.junit/junit4-engine/5.0.0-ALPHA/92002bd8c7dda2fd1074824819c91f92d8ece2f7/junit4-engine-5.0.0-ALPHA.jar:/Users/ortegadiana/.gradle/caches/modules-2/files-2.1/net.bytebuddy/byte-buddy/1.2.3/18c7980217ca7f75803e7da704ef26887e6e287a/byte-buddy-1.2.3.jar:/Users/ortegadiana/.gradle/caches/modules-2/files-2.1/org.objenesis/objenesis/2.1/87c0ea803b69252868d09308b4618f766f135a96/objenesis-2.1.jar:/Users/ortegadiana/.gradle/caches/modules-2/files-2.1/ch.qos.logback/logback-core/1.1.6/4d1d54165c4d9fcb7b63a7fe4f18e45b47e7645b/logback-core-1.1.6.jar:/Users/ortegadiana/.gradle/caches/modules-2/files-2.1/org.hamcrest/hamcrest-core/1.3/42a25dc3219429f0e5d060061f71acb49bf010a0/hamcrest-core-1.3.jar:/Users/ortegadiana/.gradle/caches/modules-2/files-2.1/org.opentest4j/opentest4j/1.0.0-ALPHA/f917e19ddcd0d46787087d2644ba64655b16fdd4/opentest4j-1.0.0-ALPHA.jar:/Users/ortegadiana/.gradle/caches/modules-2/files-2.1/org.junit/junit-commons/5.0.0-ALPHA/c10e2f8592d46313f659160823134e63a77a8205/junit-commons-5.0.0-ALPHA.jar:/Users/ortegadiana/.gradle/caches/modules-2/files-2.1/org.apache.logging.log4j/log4j-api/2.5/e7fd981408caba8a0c0fb276413562468d260160/log4j-api-2.5.jar:/Users/ortegadiana/.gradle/caches/modules-2/files-2.1/net.sf.jopt-simple/jopt-simple/4.9/ee9e9eaa0a35360dcfeac129ff4923215fd65904/jopt-simple-4.9.jar:/Users/ortegadiana/.gradle/caches/modules-2/files-2.1/org.junit/junit-launcher/5.0.0-ALPHA/a2092278be717f9474adfaaad2394b6931127ca1/junit-launcher-5.0.0-ALPHA.jar:/Users/ortegadiana/.gradle/caches/modules-2/files-2.1/org.junit/junit-engine-api/5.0.0-ALPHA/39790297bd312e0e6d2f83629558a18adc41e5ab/junit-engine-api-5.0.0-ALPHA.jar"/><property name="java.class.version" value="52.0"/><property name="java.endorsed.dirs" value="/Library/Java/JavaVirtualMachines/jdk1.8.0_65.jdk/Contents/Home/jre/lib/endorsed"/><property name="java.ext.dirs" value="/Users/ortegadiana/Library/Java/Extensions:/Library/Java/JavaVirtualMachines/jdk1.8.0_65.jdk/Contents/Home/jre/lib/ext:/Library/Java/Extensions:/Network/Library/Java/Extensions:/System/Library/Java/Extensions:/usr/lib/java"/><property name="java.home" value="/Library/Java/JavaVirtualMachines/jdk1.8.0_65.jdk/Contents/Home/jre"/><property name="java.io.tmpdir" value="/var/folders/ng/tfv76pt946361pt16ggvvgn80000gn/T/"/><property name="java.library.path" value="/Users/ortegadiana/Library/Java/Extensions:/Library/Java/Extensions:/Network/Library/Java/Extensions:/System/Library/Java/Extensions:/usr/lib/java:."/><property name="java.runtime.name" value="Java(TM) SE Runtime Environment"/><property name="java.runtime.version" value="1.8.0_65-b17"/><property name="java.specification.name" value="Java Platform API Specification"/><property name="java.specification.vendor" value="Oracle Corporation"/><property name="java.specification.version" value="1.8"/><property name="java.util.logging.manager" value="org.apache.logging.log4j.jul.LogManager"/><property name="java.vendor" value="Oracle Corporation"/><property name="java.vendor.url" value="http://java.oracle.com/"/><property name="java.vendor.url.bug" value="http://bugreport.sun.com/bugreport/"/><property name="java.version" value="1.8.0_65"/><property name="java.vm.info" value="mixed mode"/><property name="java.vm.name" value="Java HotSpot(TM) 64-Bit Server VM"/><property name="java.vm.specification.name" value="Java Virtual Machine Specification"/><property name="java.vm.specification.vendor" value="Oracle Corporation"/><property name="java.vm.specification.version" value="1.8"/><property name="java.vm.vendor" value="Oracle Corporation"/><property name="java.vm.version" value="25.65-b01"/><property name="line.separator" value="
"/><property name="os.arch" value="x86_64"/><property name="os.name" value="Mac OS X"/><property name="os.version" value="10.11.2"/><property name="path.separator" value=":"/><property name="socksNonProxyHosts" value="local|*.local|169.254/16|*.169.254/16"/><property name="sun.arch.data.model" value="64"/><property name="sun.boot.class.path" value="/Library/Java/JavaVirtualMachines/jdk1.8.0_65.jdk/Contents/Home/jre/lib/resources.jar:/Library/Java/JavaVirtualMachines/jdk1.8.0_65.jdk/Contents/Home/jre/lib/rt.jar:/Library/Java/JavaVirtualMachines/jdk1.8.0_65.jdk/Contents/Home/jre/lib/sunrsasign.jar:/Library/Java/JavaVirtualMachines/jdk1.8.0_65.jdk/Contents/Home/jre/lib/jsse.jar:/Library/Java/JavaVirtualMachines/jdk1.8.0_65.jdk/Contents/Home/jre/lib/jce.jar:/Library/Java/JavaVirtualMachines/jdk1.8.0_65.jdk/Contents/Home/jre/lib/charsets.jar:/Library/Java/JavaVirtualMachines/jdk1.8.0_65.jdk/Contents/Home/jre/lib/jfr.jar:/Library/Java/JavaVirtualMachines/jdk1.8.0_65.jdk/Contents/Home/jre/classes"/><property name="sun.boot.library.path" value="/Library/Java/JavaVirtualMachines/jdk1.8.0_65.jdk/Contents/Home/jre/lib"/><property name="sun.cpu.endian" value="little"/><property name="sun.cpu.isalist" value=""/><property name="sun.io.unicode.encoding" value="UnicodeBig"/><property name="sun.java.command" value="org.junit.gen5.console.ConsoleRunner --enable-exit-code --hide-details --all -n .*Test -r /Users/ortegadiana/programacion/examples/ToDoListJUnit/build/test-results/junit5 /Users/ortegadiana/programacion/examples/ToDoListJUnit/build/classes/test /Users/ortegadiana/programacion/examples/ToDoListJUnit/build/classes/main"/><property name="sun.java.launcher" value="SUN_STANDARD"/><property name="sun.jnu.encoding" value="UTF-8"/><property name="sun.management.compiler" value="HotSpot 64-Bit Tiered Compilers"/><property name="sun.os.patch.level" value="unknown"/><property name="user.country" value="FR"/><property name="user.dir" value="/Users/ortegadiana/programacion/examples/ToDoListJUnit"/><property name="user.home" value="/Users/ortegadiana"/><property name="user.language" value="fr"/><property name="user.name" value="ortegadiana"/><property name="user.timezone" value="Europe/Paris"/><property name="user.variant" value=""/></properties><testcase name="find last task" classname="fr.xebia.task.MockedTodoListServiceTest" time="0.414"><!--Unique ID: junit5:fr.xebia.task.MockedTodoListServiceTest#should_find_last_task_to_execute()--></testcase><testcase name="First case: when changing my list" classname="fr.xebia.task.TodoListServiceTest" time="0.002"><!--Unique ID: junit5:fr.xebia.task.TodoListServiceTest#should_change_an_item()--></testcase><testcase name="second case: when changing my list and getting  completed collection" classname="fr.xebia.task.TodoListServiceTest" time="0"><!--Unique ID: junit5:fr.xebia.task.TodoListServiceTest#should_change_an_item_and_get_completed_list()--><skipped>public void fr.xebia.task.TodoListServiceTest.should_change_an_item_and_get_completed_list() is @Disabled</skipped></testcase><testcase name="second case: when changing my list and getting collection of one item" classname="fr.xebia.task.TodoListServiceTest" time="0"><!--Unique ID: junit5:fr.xebia.task.TodoListServiceTest#should_change_an_item_and_get_one_item_list()--></testcase><testcase name="second case: when changing my list and getting collection of one item" classname="fr.xebia.task.TodoListServiceTest" time="0"><!--Unique ID: junit5:fr.xebia.task.TodoListServiceTest#should_get_delay_exception_when_task_date_under_today()--></testcase></testsuite>